Command line:
   fulladder1_isim_beh.exe
     -simmode  gui
     -simrunnum  0
     -socket  52740

Fri May 26 17:23:12 2023


 Elaboration Time: 0.0625 sec

 Current Memory Usage: 5149.92 Meg

 Total Signals          : 18
 Total Nets             : 18
 Total Signal Drivers   : 7
 Total Blocks           : 2
 Total Primitive Blocks : 2
 Total Processes        : 8
 Total Traceable Variables  : 18
 Total Scalar Nets and Variables : 98
Total Line Count : 16

 Total Simulation Time: 0.078125 sec

 Current Memory Usage: 5149.92 Meg

Fri May 26 17:23:18 2023

