ISim log file
Running: D:\100 days\fulladder1\fulladder1tb_isim_beh.exe -intstyle ise -gui -tclbatch isim.cmd -wdb D:/100 days/fulladder1/fulladder1tb_isim_beh.wdb 
INFO: There is another simulation running in the same directory. Using database file name isim1.wdb.
ISim P.20131013 (signature 0x7708f090)
WARNING: A WEBPACK license was found.
WARNING: Please use Xilinx License Configuration Manager to check out a full ISim license.
WARNING: ISim will run in Lite mode. Please refer to the ISim documentation for more information on the differences between the Lite and the Full version.
This is a Lite version of ISim.
Time resolution is 1 ps
# onerror resume
# wave add /
# run 1000 ns
Simulator is doing circuit initialization process.
Finished circuit initialization process.
time=$g,a=0000000000000000000000000000000000000000000000000000000000000000,b=0,c=0,sum=0,carry=00
time=$g,a=0000000000000000000000000000000000000000000000000000000001100100,b=0,c=0,sum=1,carry=10
time=$g,a=0000000000000000000000000000000000000000000000000000000011001000,b=0,c=1,sum=0,carry=10
time=$g,a=0000000000000000000000000000000000000000000000000000000100101100,b=0,c=1,sum=1,carry=01
time=$g,a=0000000000000000000000000000000000000000000000000000000110010000,b=1,c=0,sum=0,carry=10
time=$g,a=0000000000000000000000000000000000000000000000000000000111110100,b=1,c=0,sum=1,carry=01
time=$g,a=0000000000000000000000000000000000000000000000000000001001011000,b=1,c=1,sum=0,carry=01
time=$g,a=0000000000000000000000000000000000000000000000000000001010111100,b=1,c=1,sum=1,carry=11
